<?xml version="1.0" encoding="UTF-8"?>
<testsuite xmlns:xsi="http://www.w3.org/2001/XMLSchema-instance" xsi:noNamespaceSchemaLocation="https://maven.apache.org/surefire/maven-surefire-plugin/xsd/surefire-test-report.xsd" version="3.0.2" name="api.web.repo.LocalizacionRepoTest" time="0.625" tests="3" errors="0" skipped="0" failures="0">
  <properties>
[...]
</properties>
  <testcase name="testEliminarLocalizacion" classname="api.web.repo.LocalizacionRepoTest" time="0.099">
    <system-out><![CDATA[2025-02-18T15:54:40.104+01:00  INFO 7892 --- [           main] t.c.s.AnnotationConfigContextLoaderUtils : Could not detect default configuration classes for test class [api.web.repo.LocalizacionRepoTest]: LocalizacionRepoTest does not declare any static, non-private, non-final, nested classes annotated with @Configuration.
2025-02-18T15:54:40.134+01:00  INFO 7892 --- [           main] .b.t.c.SpringBootTestContextBootstrapper : Found @SpringBootConfiguration api.web.WebApplication for test class api.web.repo.LocalizacionRepoTest

  .   ____          _            __ _ _
 /\\ / ___'_ __ _ _(_)_ __  __ _ \ \ \ \
( ( )\___ | '_ | '_| | '_ \/ _` | \ \ \ \
 \\/  ___)| |_)| | | | | || (_| |  ) ) ) )
  '  |____| .__|_| |_|_| |_\__, | / / / /
 =========|_|==============|___/=/_/_/_/

 :: Spring Boot ::                (v3.4.2)

2025-02-18T15:54:40.170+01:00  INFO 7892 --- [           main] api.web.repo.LocalizacionRepoTest        : Starting LocalizacionRepoTest using Java 23.0.1 with PID 7892 (started by adola in C:\Users\adola\OneDrive\Documents\api_grupal\Api_Grupal\web)
2025-02-18T15:54:40.171+01:00  INFO 7892 --- [           main] api.web.repo.LocalizacionRepoTest        : The following 1 profile is active: "test"
2025-02-18T15:54:40.260+01:00  INFO 7892 --- [           main] .s.d.r.c.RepositoryConfigurationDelegate : Bootstrapping Spring Data JPA repositories in DEFAULT mode.
2025-02-18T15:54:40.276+01:00  INFO 7892 --- [           main] .s.d.r.c.RepositoryConfigurationDelegate : Finished Spring Data repository scanning in 14 ms. Found 4 JPA repository interfaces.
2025-02-18T15:54:40.333+01:00  INFO 7892 --- [           main] o.hibernate.jpa.internal.util.LogHelper  : HHH000204: Processing PersistenceUnitInfo [name: default]
2025-02-18T15:54:40.337+01:00  INFO 7892 --- [           main] o.h.c.internal.RegionFactoryInitiator    : HHH000026: Second-level cache disabled
2025-02-18T15:54:40.347+01:00  INFO 7892 --- [           main] o.s.o.j.p.SpringPersistenceUnitInfo      : No LoadTimeWeaver setup: ignoring JPA class transformer
2025-02-18T15:54:40.348+01:00  INFO 7892 --- [           main] com.zaxxer.hikari.HikariDataSource       : HikariPool-2 - Starting...
2025-02-18T15:54:40.351+01:00  INFO 7892 --- [           main] com.zaxxer.hikari.pool.HikariPool        : HikariPool-2 - Added connection com.mysql.cj.jdbc.ConnectionImpl@6470078d
2025-02-18T15:54:40.351+01:00  INFO 7892 --- [           main] com.zaxxer.hikari.HikariDataSource       : HikariPool-2 - Start completed.
2025-02-18T15:54:40.353+01:00  WARN 7892 --- [           main] org.hibernate.dialect.Dialect            : HHH000511: The 5.5.5 version for [org.hibernate.dialect.MySQLDialect] is no longer supported, hence certain features may not work properly. The minimum supported version is 8.0.0. Check the community dialects project for available legacy versions.
2025-02-18T15:54:40.354+01:00  WARN 7892 --- [           main] org.hibernate.orm.deprecation            : HHH90000025: MySQLDialect does not need to be specified explicitly using 'hibernate.dialect' (remove the property setting and it will be selected by default)
2025-02-18T15:54:40.354+01:00  INFO 7892 --- [           main] org.hibernate.orm.connections.pooling    : HHH10001005: Database info:
	Database JDBC URL [Connecting through datasource 'HikariDataSource (HikariPool-2)']
	Database driver: undefined/unknown
	Database version: 5.5.5
	Autocommit mode: undefined/unknown
	Isolation level: undefined/unknown
	Minimum pool size: undefined/unknown
	Maximum pool size: undefined/unknown
2025-02-18T15:54:40.455+01:00  INFO 7892 --- [           main] o.h.e.t.j.p.i.JtaPlatformInitiator       : HHH000489: No JTA platform available (set 'hibernate.transaction.jta.platform' to enable JTA platform integration)
2025-02-18T15:54:40.529+01:00  INFO 7892 --- [           main] j.LocalContainerEntityManagerFactoryBean : Initialized JPA EntityManagerFactory for persistence unit 'default'
2025-02-18T15:54:40.582+01:00  INFO 7892 --- [           main] api.web.repo.LocalizacionRepoTest        : Started LocalizacionRepoTest in 0.444 seconds (process running for 11.816)
Hibernate: insert into usuario (fecha_n,apellido,contrasenna,correo,datos,nombre) values (?,?,?,?,?,?)
Hibernate: insert into proyecto (descripcion,imagen,nombre,id_usuario) values (?,?,?,?)
Hibernate: insert into localizacion (descripcion,imagen,link_map,nombre,id_proyecto) values (?,?,?,?,?)
]]></system-out>
  </testcase>
  <testcase name="testBuscarLocalizacionPorId" classname="api.web.repo.LocalizacionRepoTest" time="0.013">
    <system-out><![CDATA[Hibernate: insert into usuario (fecha_n,apellido,contrasenna,correo,datos,nombre) values (?,?,?,?,?,?)
Hibernate: insert into proyecto (descripcion,imagen,nombre,id_usuario) values (?,?,?,?)
Hibernate: insert into localizacion (descripcion,imagen,link_map,nombre,id_proyecto) values (?,?,?,?,?)
]]></system-out>
  </testcase>
  <testcase name="testGuardarLocalizacion" classname="api.web.repo.LocalizacionRepoTest" time="0.014">
    <system-out><![CDATA[Hibernate: insert into usuario (fecha_n,apellido,contrasenna,correo,datos,nombre) values (?,?,?,?,?,?)
Hibernate: insert into proyecto (descripcion,imagen,nombre,id_usuario) values (?,?,?,?)
Hibernate: insert into localizacion (descripcion,imagen,link_map,nombre,id_proyecto) values (?,?,?,?,?)
]]></system-out>
  </testcase>
</testsuite>